<?xml version="1.0" encoding="UTF-8"?>
<!-- Generated by org.testng.reporters.JUnitReportReporter -->
<testsuite hostname="lenovo" failures="0" tests="1" name="scripts.ValidLogin" time="17.555" errors="0" timestamp="2022-12-21T13:06:35 IST" skipped="0">
  <testcase classname="scripts.ValidLogin" name="testValidLogin" time="17.555"/>
  <system-out/>
</testsuite> <!-- scripts.ValidLogin -->
